<?xml version="1.0" encoding="UTF-8" ?>
<testsuite failures="0" time="0.008" errors="0" skipped="0" tests="5" name="br.com.arduinobrew.repo.unit.TicketParserTest">
  <properties>
[...]
</properties>
  <testcase time="0.001" classname="br.com.arduinobrew.repo.unit.TicketParserTest" name="deserializa_ticket_invalido_lanca_TicketParsingException"/>
  <testcase time="0.001" classname="br.com.arduinobrew.repo.unit.TicketParserTest" name="deserializa_elapsedTime_com_sucesso"/>
  <testcase time="0" classname="br.com.arduinobrew.repo.unit.TicketParserTest" name="deserializa_fase_com_sucesso"/>
  <testcase time="0" classname="br.com.arduinobrew.repo.unit.TicketParserTest" name="deserializa_texto_com_sucesso"/>
  <testcase time="0.002" classname="br.com.arduinobrew.repo.unit.TicketParserTest" name="deserializa_ticket_completo_com_sucesso"/>
</testsuite>