<?xml version="1.0" encoding="UTF-8" ?>
<testsuite failures="0" time="0.624" errors="0" skipped="0" tests="4" name="br.com.arduinobrew.repo.unit.TicketDAOTest">
  <properties>
[...]
</properties>
  <testcase time="0.425" classname="br.com.arduinobrew.repo.unit.TicketDAOTest" name="getAll_em_dao_novo_retorna_lista_vazia"/>
  <testcase time="0.013" classname="br.com.arduinobrew.repo.unit.TicketDAOTest" name="put_de_dois_registros_seguido_de_getAll_retorna_lista_com_dois_tickets"/>
  <testcase time="0.01" classname="br.com.arduinobrew.repo.unit.TicketDAOTest" name="put_de_um_registro_verifica_se_linha_foi_gravada_no_arquivo"/>
  <testcase time="0.012" classname="br.com.arduinobrew.repo.unit.TicketDAOTest" name="put_de_um_registro_seguido_de_getAll_retorna_lista_com_um_ticket"/>
</testsuite>